[0318/123258.776:ERROR:file_io_win.cc(163)] CreateFile C:\Program Files (x86)\temp\settings.dat: Access is denied. (0x5)
[0318/123258.779:ERROR:registration_protocol_win.cc(84)] TransactNamedPipe: The pipe has been ended. (0x6D)
[0318/123258.781:ERROR:file_io_win.cc(163)] CreateFile C:\Program Files (x86)\temp\settings.dat: Access is denied. (0x5)
[0318/123258.808:ERROR:crashpad_client_win.cc(660)] crash server failed to launch, no dump captured
[0318/124527.466:ERROR:file_io_win.cc(163)] CreateFile C:\Program Files (x86)\temp\settings.dat: Access is denied. (0x5)
[0318/124527.468:ERROR:registration_protocol_win.cc(84)] TransactNamedPipe: The pipe has been ended. (0x6D)
[0318/124527.470:ERROR:file_io_win.cc(163)] CreateFile C:\Program Files (x86)\temp\settings.dat: Access is denied. (0x5)
[0318/124527.495:ERROR:crashpad_client_win.cc(660)] crash server failed to launch, no dump captured
[0318/131120.839:ERROR:file_io_win.cc(163)] CreateFile C:\Program Files (x86)\temp\settings.dat: Access is denied. (0x5)
[0318/131120.841:ERROR:registration_protocol_win.cc(84)] TransactNamedPipe: The pipe has been ended. (0x6D)
[0318/131120.843:ERROR:file_io_win.cc(163)] CreateFile C:\Program Files (x86)\temp\settings.dat: Access is denied. (0x5)
[0318/131121.103:ERROR:crashpad_client_win.cc(660)] crash server failed to launch, no dump captured
[0318/131404.949:ERROR:file_io_win.cc(163)] CreateFile C:\Program Files (x86)\temp\settings.dat: Access is denied. (0x5)
[0318/131404.951:ERROR:registration_protocol_win.cc(84)] TransactNamedPipe: The pipe has been ended. (0x6D)
[0318/131404.953:ERROR:file_io_win.cc(163)] CreateFile C:\Program Files (x86)\temp\settings.dat: Access is denied. (0x5)
[0318/131404.978:ERROR:crashpad_client_win.cc(660)] crash server failed to launch, no dump captured
[0318/135101.184:ERROR:file_io_win.cc(163)] CreateFile C:\Program Files (x86)\temp\settings.dat: Access is denied. (0x5)
[0318/135101.187:ERROR:registration_protocol_win.cc(84)] TransactNamedPipe: The pipe has been ended. (0x6D)
[0318/135101.189:ERROR:file_io_win.cc(163)] CreateFile C:\Program Files (x86)\temp\settings.dat: Access is denied. (0x5)
[0318/135101.218:ERROR:crashpad_client_win.cc(660)] crash server failed to launch, no dump captured
[0319/084411.527:ERROR:file_io_win.cc(163)] CreateFile C:\Program Files (x86)\temp\settings.dat: Access is denied. (0x5)
[0319/084411.572:ERROR:registration_protocol_win.cc(84)] TransactNamedPipe: The pipe has been ended. (0x6D)
[0319/084411.574:ERROR:file_io_win.cc(163)] CreateFile C:\Program Files (x86)\temp\settings.dat: Access is denied. (0x5)
[0319/084411.600:ERROR:crashpad_client_win.cc(660)] crash server failed to launch, no dump captured
[0320/174802.239:ERROR:registration_protocol_win.cc(56)] CreateFile: The system cannot find the file specified. (0x2)
[0320/174802.258:ERROR:crashpad_client_win.cc(652)] not connected
[0321/065805.351:ERROR:file_io_win.cc(163)] CreateFile C:\Program Files (x86)\temp\settings.dat: Access is denied. (0x5)
[0321/065805.353:ERROR:registration_protocol_win.cc(84)] TransactNamedPipe: The pipe has been ended. (0x6D)
[0321/065805.355:ERROR:file_io_win.cc(163)] CreateFile C:\Program Files (x86)\temp\settings.dat: Access is denied. (0x5)
[0321/065805.689:ERROR:crashpad_client_win.cc(660)] crash server failed to launch, no dump captured
[0321/065819.743:ERROR:file_io_win.cc(163)] CreateFile C:\Program Files (x86)\temp\settings.dat: Access is denied. (0x5)
[0321/065819.745:ERROR:registration_protocol_win.cc(84)] TransactNamedPipe: The pipe has been ended. (0x6D)
[0321/065819.747:ERROR:file_io_win.cc(163)] CreateFile C:\Program Files (x86)\temp\settings.dat: Access is denied. (0x5)
[0321/065820.033:ERROR:crashpad_client_win.cc(660)] crash server failed to launch, no dump captured
[0321/065836.499:ERROR:file_io_win.cc(163)] CreateFile C:\Program Files (x86)\temp\settings.dat: Access is denied. (0x5)
[0321/065836.502:ERROR:registration_protocol_win.cc(84)] TransactNamedPipe: The pipe has been ended. (0x6D)
[0321/065836.503:ERROR:file_io_win.cc(163)] CreateFile C:\Program Files (x86)\temp\settings.dat: Access is denied. (0x5)
[0321/065836.527:ERROR:crashpad_client_win.cc(660)] crash server failed to launch, no dump captured
[0321/081424.792:ERROR:file_io_win.cc(163)] CreateFile C:\Program Files (x86)\temp\settings.dat: Access is denied. (0x5)
[0321/081424.794:ERROR:registration_protocol_win.cc(84)] TransactNamedPipe: The pipe has been ended. (0x6D)
[0321/081424.797:ERROR:file_io_win.cc(163)] CreateFile C:\Program Files (x86)\temp\settings.dat: Access is denied. (0x5)
[0321/081424.823:ERROR:crashpad_client_win.cc(660)] crash server failed to launch, no dump captured
[0321/083406.128:ERROR:file_io_win.cc(163)] CreateFile C:\Program Files (x86)\temp\settings.dat: Access is denied. (0x5)
[0321/083406.131:ERROR:registration_protocol_win.cc(84)] TransactNamedPipe: The pipe has been ended. (0x6D)
[0321/083406.133:ERROR:file_io_win.cc(163)] CreateFile C:\Program Files (x86)\temp\settings.dat: Access is denied. (0x5)
[0321/083406.159:ERROR:crashpad_client_win.cc(660)] crash server failed to launch, no dump captured
